  tbitfield.cpp
C:\Users\Костя\mp2-lab1-bitfield\src\tbitfield.cpp(40,4): warning C4552: "<<": результат выражения не используется
C:\Users\Костя\mp2-lab1-bitfield\src\tbitfield.cpp(53,23): warning C4552: "|": результат выражения не используется
C:\Users\Костя\mp2-lab1-bitfield\src\tbitfield.cpp(58,23): warning C4552: "&": результат выражения не используется
C:\Users\Костя\mp2-lab1-bitfield\src\tbitfield.cpp(64,4): warning C4552: ">>": результат выражения не используется
C:\Users\Костя\mp2-lab1-bitfield\src\tbitfield.cpp(65,4): warning C4552: "&": результат выражения не используется
  tset.cpp
  Создание кода...
C:\Users\Костя\mp2-lab1-bitfield\src\tset.cpp(26): error C4716: TSet::operator TBitField: должна возвращать значение
C:\Users\Костя\mp2-lab1-bitfield\src\tset.cpp(30): error C4716: TSet::GetMaxPower: должна возвращать значение
C:\Users\Костя\mp2-lab1-bitfield\src\tset.cpp(62): error C4716: TSet::operator+: должна возвращать значение
C:\Users\Костя\mp2-lab1-bitfield\src\tset.cpp(49): error C4716: TSet::operator=: должна возвращать значение
C:\Users\Костя\mp2-lab1-bitfield\src\tset.cpp(58): error C4716: TSet::operator!=: должна возвращать значение
C:\Users\Костя\mp2-lab1-bitfield\src\tset.cpp(66): error C4716: TSet::operator+: должна возвращать значение
C:\Users\Костя\mp2-lab1-bitfield\src\tset.cpp(70): error C4716: TSet::operator-: должна возвращать значение
C:\Users\Костя\mp2-lab1-bitfield\src\tset.cpp(78): error C4716: TSet::operator~: должна возвращать значение
C:\Users\Костя\mp2-lab1-bitfield\src\tset.cpp(74): error C4716: TSet::operator*: должна возвращать значение
C:\Users\Костя\mp2-lab1-bitfield\src\tset.cpp(84): error C4716: operator>>: должна возвращать значение
C:\Users\Костя\mp2-lab1-bitfield\src\tset.cpp(88): error C4716: operator<<: должна возвращать значение
C:\Users\Костя\mp2-lab1-bitfield\src\tbitfield.cpp(79): error C4716: TBitField::operator=: должна возвращать значение
C:\Users\Костя\mp2-lab1-bitfield\src\tbitfield.cpp(108): error C4716: TBitField::operator|: должна возвращать значение
C:\Users\Костя\mp2-lab1-bitfield\src\tbitfield.cpp(133): error C4716: operator>>: должна возвращать значение
C:\Users\Костя\mp2-lab1-bitfield\src\tbitfield.cpp(117): error C4716: TBitField::operator&: должна возвращать значение
C:\Users\Костя\mp2-lab1-bitfield\src\tbitfield.cpp(124): error C4716: TBitField::operator~: должна возвращать значение
C:\Users\Костя\mp2-lab1-bitfield\src\tbitfield.cpp(140): error C4716: operator<<: должна возвращать значение
